<?xml version="1.0" encoding="UTF-8"?>
<testng-results ignored="0" total="1" passed="1" failed="0" skipped="0">
  <reporter-output>
  </reporter-output>
  <suite started-at="2022-08-28T20:35:11 IST" name="Automation" finished-at="2022-08-28T20:35:31 IST" duration-ms="19789">
    <groups>
    </groups>
    <test started-at="2022-08-28T20:35:11 IST" name="Search" finished-at="2022-08-28T20:35:31 IST" duration-ms="19789">
      <class name="com.google.page.GoogleSearchPage">
        <test-method is-config="true" signature="launchApplication()[pri:0, instance:com.google.page.GoogleSearchPage@429bffaa]" started-at="2022-08-28T20:35:11 IST" name="launchApplication" finished-at="2022-08-28T20:35:18 IST" duration-ms="7242" status="PASS">
          <reporter-output>
          </reporter-output>
        </test-method> <!-- launchApplication -->
        <test-method signature="search()[pri:0, instance:com.google.page.GoogleSearchPage@429bffaa]" started-at="2022-08-28T20:35:18 IST" name="search" finished-at="2022-08-28T20:35:27 IST" duration-ms="8270" status="PASS">
          <reporter-output>
          </reporter-output>
        </test-method> <!-- search -->
        <test-method is-config="true" signature="closeApplication()[pri:0, instance:com.google.page.GoogleSearchPage@429bffaa]" started-at="2022-08-28T20:35:27 IST" name="closeApplication" finished-at="2022-08-28T20:35:31 IST" duration-ms="4182" status="PASS">
          <reporter-output>
          </reporter-output>
        </test-method> <!-- closeApplication -->
      </class> <!-- com.google.page.GoogleSearchPage -->
    </test> <!-- Search -->
  </suite> <!-- Automation -->
</testng-results>
